This file contains any messages produced by compilers while
running configure, to aid debugging if configure makes a mistake.

It was created by configure, which was
generated by GNU Autoconf 2.63.  Invocation command line was

  $ ./configure --with-php-config=/opt/php56/bin/php-config

## --------- ##
## Platform. ##
## --------- ##

hostname = ecld188.inmotionhosting.com
uname -m = x86_64
uname -r = 2.6.32-954.3.5.lve1.4.64.el6.x86_64
uname -s = Linux
uname -v = #1 SMP Wed May 15 12:53:53 EDT 2019

/usr/bin/uname -p = unknown
/bin/uname -X     = unknown

/bin/arch              = x86_64
/usr/bin/arch -k       = unknown
/usr/convex/getsysinfo = unknown
/usr/bin/hostinfo      = unknown
/bin/machine           = unknown
/usr/bin/oslevel       = unknown
/bin/universe          = unknown

PATH: /home/jeaven5/perl5/bin
PATH: /usr/local/cpanel/3rdparty/lib/path-bin
PATH: /usr/local/bin
PATH: /bin
PATH: /usr/bin
PATH: /opt/cpanel/composer/bin
PATH: /opt/dell/srvadmin/bin
PATH: /home/jeaven5/bin


## ----------- ##
## Core tests. ##
## ----------- ##

configure:1982: checking for grep that handles long lines and -e
configure:2042: result: /bin/grep
configure:2047: checking for egrep
configure:2111: result: /bin/grep -E
configure:2116: checking for a sed that does not truncate output
configure:2170: result: /bin/sed
configure:2302: checking for cc
configure:2318: found /usr/bin/cc
configure:2329: result: cc
configure:2363: checking for C compiler version
configure:2371: cc --version >&5
cc (GCC) 4.4.7 20120313 (Red Hat 4.4.7-23)
Copyright (C) 2010 Free Software Foundation, Inc.
This is free software; see the source for copying conditions.  There is NO
warranty; not even for MERCHANTABILITY or FITNESS FOR A PARTICULAR PURPOSE.

configure:2375: $? = 0
configure:2382: cc -v >&5
Using built-in specs.
Target: x86_64-redhat-linux
Configured with: ../configure --prefix=/usr --mandir=/usr/share/man --infodir=/usr/share/info --with-bugurl=http://bugzilla.redhat.com/bugzilla --enable-bootstrap --enable-shared --enable-threads=posix --enable-checking=release --with-system-zlib --enable-__cxa_atexit --disable-libunwind-exceptions --enable-gnu-unique-object --enable-languages=c,c++,objc,obj-c++,java,fortran,ada --enable-java-awt=gtk --disable-dssi --with-java-home=/usr/lib/jvm/java-1.5.0-gcj-1.5.0.0/jre --enable-libgcj-multifile --enable-java-maintainer-mode --with-ecj-jar=/usr/share/java/eclipse-ecj.jar --disable-libjava-multilib --with-ppl --with-cloog --with-tune=generic --with-arch_32=i686 --build=x86_64-redhat-linux
Thread model: posix
gcc version 4.4.7 20120313 (Red Hat 4.4.7-23) (GCC) 
configure:2386: $? = 0
configure:2393: cc -V >&5
cc: '-V' option must have argument
configure:2397: $? = 1
configure:2420: checking for C compiler default output file name
configure:2442: cc    conftest.c  >&5
configure:2446: $? = 0
configure:2484: result: a.out
configure:2503: checking whether the C compiler works
configure:2513: ./a.out
configure:2517: $? = 0
configure:2536: result: yes
configure:2543: checking whether we are cross compiling
configure:2545: result: no
configure:2548: checking for suffix of executables
configure:2555: cc -o conftest    conftest.c  >&5
configure:2559: $? = 0
configure:2585: result: 
configure:2591: checking for suffix of object files
configure:2617: cc -c   conftest.c >&5
configure:2621: $? = 0
configure:2646: result: o
configure:2650: checking whether we are using the GNU C compiler
configure:2679: cc -c   conftest.c >&5
configure:2686: $? = 0
configure:2703: result: yes
configure:2712: checking whether cc accepts -g
configure:2742: cc -c -g  conftest.c >&5
configure:2749: $? = 0
configure:2850: result: yes
configure:2867: checking for cc option to accept ISO C89
configure:2941: cc  -c -g -O2  conftest.c >&5
configure:2948: $? = 0
configure:2971: result: none needed
configure:2995: checking how to run the C preprocessor
configure:3035: cc -E  conftest.c
configure:3042: $? = 0
configure:3073: cc -E  conftest.c
conftest.c:8:28: error: ac_nonexistent.h: No such file or directory
configure:3080: $? = 1
configure: failed program was:
| /* confdefs.h.  */
| #define PACKAGE_NAME ""
| #define PACKAGE_TARNAME ""
| #define PACKAGE_VERSION ""
| #define PACKAGE_STRING ""
| #define PACKAGE_BUGREPORT ""
| /* end confdefs.h.  */
| #include <ac_nonexistent.h>
configure:3113: result: cc -E
configure:3142: cc -E  conftest.c
configure:3149: $? = 0
configure:3180: cc -E  conftest.c
conftest.c:8:28: error: ac_nonexistent.h: No such file or directory
configure:3187: $? = 1
configure: failed program was:
| /* confdefs.h.  */
| #define PACKAGE_NAME ""
| #define PACKAGE_TARNAME ""
| #define PACKAGE_VERSION ""
| #define PACKAGE_STRING ""
| #define PACKAGE_BUGREPORT ""
| /* end confdefs.h.  */
| #include <ac_nonexistent.h>
configure:3229: checking for icc
configure:3242: result: no
configure:3256: checking for suncc
configure:3269: result: no
configure:3287: checking whether cc understands -c and -o together
configure:3319: cc -c conftest.c -o conftest2.o >&5
configure:3323: $? = 0
configure:3329: cc -c conftest.c -o conftest2.o >&5
configure:3333: $? = 0
configure:3388: result: yes
configure:3404: checking for system library directory
configure:3419: result: lib
configure:3426: checking if compiler supports -R
configure:3455: cc -o conftest -g -O2   conftest.c -R /usr/lib  >&5
cc: unrecognized option '-R'
/usr/lib: file not recognized: Is a directory
collect2: ld returned 1 exit status
configure:3462: $? = 1
configure: failed program was:
| /* confdefs.h.  */
| #define PACKAGE_NAME ""
| #define PACKAGE_TARNAME ""
| #define PACKAGE_VERSION ""
| #define PACKAGE_STRING ""
| #define PACKAGE_BUGREPORT ""
| /* end confdefs.h.  */
| 
| int
| main ()
| {
| 
|   ;
|   return 0;
| }
configure:3484: result: no
configure:3489: checking if compiler supports -Wl,-rpath,
configure:3518: cc -o conftest -g -O2   conftest.c -Wl,-rpath,/usr/lib  >&5
configure:3525: $? = 0
configure:3547: result: yes
configure:3596: checking build system type
configure:3614: result: x86_64-unknown-linux-gnu
configure:3636: checking host system type
configure:3651: result: x86_64-unknown-linux-gnu
configure:3673: checking target system type
configure:3688: result: x86_64-unknown-linux-gnu
configure:3797: checking for PHP prefix
configure:3799: result: /opt/imh/imh-php56/root/usr
configure:3801: checking for PHP includes
configure:3803: result: -I/opt/imh/imh-php56/root/usr/include/php -I/opt/imh/imh-php56/root/usr/include/php/main -I/opt/imh/imh-php56/root/usr/include/php/TSRM -I/opt/imh/imh-php56/root/usr/include/php/Zend -I/opt/imh/imh-php56/root/usr/include/php/ext -I/opt/imh/imh-php56/root/usr/include/php/ext/date/lib
configure:3805: checking for PHP extension directory
configure:3807: result: /opt/imh/imh-php56/root/usr/lib/php/extensions/no-debug-non-zts-20131226
configure:3809: checking for PHP installed headers prefix
configure:3811: result: /opt/imh/imh-php56/root/usr/include/php
configure:3814: checking if debug is enabled
configure:3844: result: no
configure:3847: checking if zts is enabled
configure:3877: result: no
configure:3948: checking for re2c
configure:3978: result: no
configure:4003: WARNING: You will need re2c 0.13.4 or later if you want to regenerate PHP parsers.
configure:4017: checking for gawk
configure:4034: found /bin/gawk
configure:4045: result: gawk
configure:4092: checking whether to enable the imagick extension
configure:4132: result: yes, shared
configure:4186: checking for pkg-config
configure:4204: found /usr/bin/pkg-config
configure:4217: result: /usr/bin/pkg-config
configure:4239: checking ImageMagick MagickWand API configuration program
configure:4272: checking Testing /usr/local/bin/MagickWand-config
configure:4289: result: Doesn't exist
configure:4272: checking Testing /usr/bin/MagickWand-config
configure:4277: result: It exists
configure:4305: result: found in /usr/bin/MagickWand-config
configure:4322: checking if ImageMagick version is at least 6.2.4
configure:4325: result: found version 6.7.2 Q16 
configure:4339: checking for MagickWand.h or magick-wand.h header
configure:4399: result: /usr/include/ImageMagick/wand/MagickWand.h
configure:4446: checking PHP version is at least 5.3.2
configure:4468: result: yes. found 5.6.39
configure:4622: checking for MagickGetVersion
configure:4678: cc -o conftest -g -O2   conftest.c  -lMagickWand -lMagickCore   >&5
configure:4685: $? = 0
configure:4705: result: yes
configure:5235: checking for ld used by cc
configure:5302: result: /usr/bin/ld
configure:5311: checking if the linker (/usr/bin/ld) is GNU ld
configure:5326: result: yes
configure:5331: checking for /usr/bin/ld option to reload object files
configure:5338: result: -r
configure:5356: checking for BSD-compatible nm
configure:5405: result: /usr/bin/nm -B
configure:5409: checking whether ln -s works
configure:5413: result: yes
configure:5420: checking how to recognize dependent libraries
configure:5606: result: pass_all
configure:5691: cc -c -g -O2  conftest.c >&5
configure:5694: $? = 0
configure:5853: checking for ANSI C header files
configure:5883: cc -c -g -O2  conftest.c >&5
configure:5890: $? = 0
configure:5989: cc -o conftest -g -O2   conftest.c  >&5
configure:5993: $? = 0
configure:5999: ./conftest
configure:6003: $? = 0
configure:6021: result: yes
configure:6045: checking for sys/types.h
configure:6066: cc -c -g -O2  conftest.c >&5
configure:6073: $? = 0
configure:6090: result: yes
configure:6045: checking for sys/stat.h
configure:6066: cc -c -g -O2  conftest.c >&5
configure:6073: $? = 0
configure:6090: result: yes
configure:6045: checking for stdlib.h
configure:6066: cc -c -g -O2  conftest.c >&5
configure:6073: $? = 0
configure:6090: result: yes
configure:6045: checking for string.h
configure:6066: cc -c -g -O2  conftest.c >&5
configure:6073: $? = 0
configure:6090: result: yes
configure:6045: checking for memory.h
configure:6066: cc -c -g -O2  conftest.c >&5
configure:6073: $? = 0
configure:6090: result: yes
configure:6045: checking for strings.h
configure:6066: cc -c -g -O2  conftest.c >&5
configure:6073: $? = 0
configure:6090: result: yes
configure:6045: checking for inttypes.h
configure:6066: cc -c -g -O2  conftest.c >&5
configure:6073: $? = 0
configure:6090: result: yes
configure:6045: checking for stdint.h
configure:6066: cc -c -g -O2  conftest.c >&5
configure:6073: $? = 0
configure:6090: result: yes
configure:6045: checking for unistd.h
configure:6066: cc -c -g -O2  conftest.c >&5
configure:6073: $? = 0
configure:6090: result: yes
configure:6120: checking dlfcn.h usability
configure:6137: cc -c -g -O2  conftest.c >&5
configure:6144: $? = 0
configure:6158: result: yes
configure:6162: checking dlfcn.h presence
configure:6177: cc -E  conftest.c
configure:6184: $? = 0
configure:6198: result: yes
configure:6226: checking for dlfcn.h
configure:6235: result: yes
configure:6262: checking the maximum length of command line arguments
configure:6374: result: 1572864
configure:6386: checking command to parse /usr/bin/nm -B output from cc object
configure:6491: cc -c -g -O2  conftest.c >&5
configure:6494: $? = 0
configure:6498: /usr/bin/nm -B conftest.o \| sed -n -e 's/^.*[ 	]\([ABCDGIRSTW][ABCDGIRSTW]*\)[ 	][ 	]*\([_A-Za-z][_A-Za-z0-9]*\)$/\1 \2 \2/p' \> conftest.nm
configure:6501: $? = 0
configure:6553: cc -o conftest -g -O2   conftest.c conftstm.o >&5
configure:6556: $? = 0
configure:6594: result: ok
configure:6598: checking for objdir
configure:6613: result: .libs
configure:6705: checking for ar
configure:6721: found /usr/bin/ar
configure:6732: result: ar
configure:6797: checking for ranlib
configure:6813: found /usr/bin/ranlib
configure:6824: result: ranlib
configure:6889: checking for strip
configure:6905: found /usr/bin/strip
configure:6916: result: strip
configure:7485: checking if cc supports -fno-rtti -fno-exceptions
configure:7503: cc -c -g -O2  -fno-rtti -fno-exceptions conftest.c >&5
cc1: warning: command line option "-fno-rtti" is valid for C++/ObjC++ but not for C
configure:7507: $? = 0
configure:7520: result: no
configure:7535: checking for cc option to produce PIC
configure:7775: result: -fPIC
configure:7783: checking if cc PIC flag -fPIC works
configure:7801: cc -c -g -O2  -fPIC -DPIC conftest.c >&5
configure:7805: $? = 0
configure:7818: result: yes
configure:7846: checking if cc static flag -static works
configure:7874: result: yes
configure:7884: checking if cc supports -c -o file.o
configure:7905: cc -c -g -O2  -o out/conftest2.o conftest.c >&5
configure:7909: $? = 0
configure:7931: result: yes
configure:7957: checking whether the cc linker (/usr/bin/ld -m elf_x86_64) supports shared libraries
configure:8885: result: yes
configure:8906: checking whether -lc should be explicitly linked in
configure:8911: cc -c -g -O2  conftest.c >&5
configure:8914: $? = 0
configure:8929: cc -shared conftest.o  -v -Wl,-soname -Wl,conftest -o conftest 2\>\&1 \| grep  -lc  \>/dev/null 2\>\&1
configure:8932: $? = 0
configure:8944: result: no
configure:8952: checking dynamic linker characteristics
configure:9550: result: GNU/Linux ld.so
configure:9574: checking how to hardcode library paths into programs
configure:9599: result: immediate
configure:9613: checking whether stripping libraries is possible
configure:9618: result: yes
configure:10448: checking if libtool supports shared libraries
configure:10450: result: yes
configure:10453: checking whether to build shared libraries
configure:10474: result: yes
configure:10477: checking whether to build static libraries
configure:10481: result: no
configure:10576: result:
creating libtool
configure:14273: creating ./config.status

## ---------------------- ##
## Running config.status. ##
## ---------------------- ##

This file was extended by config.status, which was
generated by GNU Autoconf 2.63.  Invocation command line was

  CONFIG_FILES    = 
  CONFIG_HEADERS  = 
  CONFIG_LINKS    = 
  CONFIG_COMMANDS = 
  $ ./config.status 

on ecld188.inmotionhosting.com

config.status:609: creating config.h

## ---------------- ##
## Cache variables. ##
## ---------------- ##

ac_cv_build=x86_64-unknown-linux-gnu
ac_cv_c_compiler_gnu=yes
ac_cv_env_CC_set=
ac_cv_env_CC_value=
ac_cv_env_CFLAGS_set=
ac_cv_env_CFLAGS_value=
ac_cv_env_CPPFLAGS_set=
ac_cv_env_CPPFLAGS_value=
ac_cv_env_CPP_set=
ac_cv_env_CPP_value=
ac_cv_env_LDFLAGS_set=
ac_cv_env_LDFLAGS_value=
ac_cv_env_LIBS_set=
ac_cv_env_LIBS_value=
ac_cv_env_build_alias_set=
ac_cv_env_build_alias_value=
ac_cv_env_host_alias_set=
ac_cv_env_host_alias_value=
ac_cv_env_target_alias_set=
ac_cv_env_target_alias_value=
ac_cv_func_MagickGetVersion=yes
ac_cv_header_dlfcn_h=yes
ac_cv_header_inttypes_h=yes
ac_cv_header_memory_h=yes
ac_cv_header_stdc=yes
ac_cv_header_stdint_h=yes
ac_cv_header_stdlib_h=yes
ac_cv_header_string_h=yes
ac_cv_header_strings_h=yes
ac_cv_header_sys_stat_h=yes
ac_cv_header_sys_types_h=yes
ac_cv_header_unistd_h=yes
ac_cv_host=x86_64-unknown-linux-gnu
ac_cv_objext=o
ac_cv_path_EGREP='/bin/grep -E'
ac_cv_path_GREP=/bin/grep
ac_cv_path_PKG_CONFIG=/usr/bin/pkg-config
ac_cv_prog_AWK=gawk
ac_cv_prog_CPP='cc -E'
ac_cv_prog_ac_ct_AR=ar
ac_cv_prog_ac_ct_CC=cc
ac_cv_prog_ac_ct_RANLIB=ranlib
ac_cv_prog_ac_ct_STRIP=strip
ac_cv_prog_cc_c89=
ac_cv_prog_cc_cc_c_o=yes
ac_cv_prog_cc_g=yes
ac_cv_target=x86_64-unknown-linux-gnu
lt_cv_deplibs_check_method=pass_all
lt_cv_file_magic_cmd='$MAGIC_CMD'
lt_cv_file_magic_test_file=
lt_cv_ld_reload_flag=-r
lt_cv_objdir=.libs
lt_cv_path_LD=/usr/bin/ld
lt_cv_path_NM='/usr/bin/nm -B'
lt_cv_path_SED=/bin/sed
lt_cv_prog_compiler_c_o=yes
lt_cv_prog_compiler_pic_works=yes
lt_cv_prog_compiler_rtti_exceptions=no
lt_cv_prog_compiler_static_works=yes
lt_cv_prog_gnu_ld=yes
lt_cv_sys_global_symbol_pipe='sed -n -e '\''s/^.*[ 	]\([ABCDGIRSTW][ABCDGIRSTW]*\)[ 	][ 	]*\([_A-Za-z][_A-Za-z0-9]*\)$/\1 \2 \2/p'\'''
lt_cv_sys_global_symbol_to_c_name_address='sed -n -e '\''s/^: \([^ ]*\) $/  {\"\1\", (lt_ptr) 0},/p'\'' -e '\''s/^[BCDEGRST] \([^ ]*\) \([^ ]*\)$/  {"\2", (lt_ptr) \&\2},/p'\'''
lt_cv_sys_global_symbol_to_cdecl='sed -n -e '\''s/^. .* \(.*\)$/extern int \1;/p'\'''
lt_cv_sys_lib_dlsearch_path_spec='/lib /usr/lib /usr/lib64/atlas /opt/icu-last/lib64 /opt/mysql/lib64 /opt/dell/srvadmin/lib64 /opt/dell/srvadmin/lib64/openmanage /opt/dell/srvadmin/lib64 /opt/dell/srvadmin/lib64 /opt/dell/srvadmin/lib64/srvadmin-idrac /opt/dell/srvadmin/lib64 /opt/dell/srvadmin/lib64/srvadmin-idrac7 /opt/dell/srvadmin/lib64 /opt/dell/srvadmin/lib64/srvadmin-isvc /opt/dell/srvadmin/lib64 /opt/dell/srvadmin/lib64/openmanage /opt/dell/srvadmin/lib64 /opt/dell/srvadmin/lib64/openmanage /opt/dell/srvadmin/lib64 /opt/dell/srvadmin/lib64/openmanage /opt/dell/srvadmin/lib64 /opt/dell/srvadmin/lib64/openmanage /opt/dell/srvadmin/lib64 /opt/dell/srvadmin/lib64 /opt/dell/srvadmin/lib64/openmanage /opt/dell/srvadmin/lib64/openmanage/smpop /opt/dell/srvadmin/lib64 /usr/lib64/tcl8.5/tclx8.4 /usr/lib64/tcl8.5 '
lt_cv_sys_lib_search_path_spec='/usr/lib/gcc/x86_64-redhat-linux/4.4.7 /usr/lib64 /lib64'
lt_cv_sys_max_cmd_len=1572864
lt_lt_cv_prog_compiler_c_o='"yes"'
lt_lt_cv_sys_global_symbol_pipe='"sed -n -e '\''s/^.*[ 	]\\([ABCDGIRSTW][ABCDGIRSTW]*\\)[ 	][ 	]*\\([_A-Za-z][_A-Za-z0-9]*\\)\$/\\1 \\2 \\2/p'\''"'
lt_lt_cv_sys_global_symbol_to_c_name_address='"sed -n -e '\''s/^: \\([^ ]*\\) \$/  {\\\"\\1\\\", (lt_ptr) 0},/p'\'' -e '\''s/^[BCDEGRST] \\([^ ]*\\) \\([^ ]*\\)\$/  {\"\\2\", (lt_ptr) \\&\\2},/p'\''"'
lt_lt_cv_sys_global_symbol_to_cdecl='"sed -n -e '\''s/^. .* \\(.*\\)\$/extern int \\1;/p'\''"'
php_cv_cc_dashr=no
php_cv_cc_rpath=yes

## ----------------- ##
## Output variables. ##
## ----------------- ##

AR='ar'
AWK='gawk'
CC='cc'
CFLAGS='-g -O2'
CONFIGURE_COMMAND=' '\''./configure'\''  '\''--with-php-config=/opt/php56/bin/php-config'\'''
CONFIGURE_OPTIONS=' '\''--with-php-config=/opt/php56/bin/php-config'\'''
CPP='cc -E'
CPPFLAGS=' -DHAVE_CONFIG_H'
DEFS='-DHAVE_CONFIG_H'
DSYMUTIL=''
ECHO='echo'
ECHO_C=''
ECHO_N='-n'
ECHO_T=''
EGREP='/bin/grep -E'
EXEEXT=''
GREP='/bin/grep'
LDFLAGS=''
LIBOBJS=''
LIBS=''
LIBTOOL='$(SHELL) $(top_builddir)/libtool'
LN_S='ln -s'
LTLIBOBJS=''
NMEDIT=''
OBJEXT='o'
PACKAGE_BUGREPORT=''
PACKAGE_NAME=''
PACKAGE_STRING=''
PACKAGE_TARNAME=''
PACKAGE_VERSION=''
PATH_SEPARATOR=':'
PKG_CONFIG='/usr/bin/pkg-config'
RANLIB='ranlib'
RE2C='exit 0;'
SED='/bin/sed'
SHELL='/bin/sh'
SHLIB_DL_SUFFIX_NAME='so'
SHLIB_SUFFIX_NAME='so'
STRIP='strip'
ac_ct_CC='cc'
bindir='${exec_prefix}/bin'
build='x86_64-unknown-linux-gnu'
build_alias=''
build_cpu='x86_64'
build_os='linux-gnu'
build_vendor='unknown'
datadir='${datarootdir}'
datarootdir='${prefix}/share'
docdir='${datarootdir}/doc/${PACKAGE}'
dvidir='${docdir}'
exec_prefix='$(prefix)'
host='x86_64-unknown-linux-gnu'
host_alias='x86_64-unknown-linux-gnu'
host_cpu='x86_64'
host_os='linux-gnu'
host_vendor='unknown'
htmldir='${docdir}'
includedir='${prefix}/include'
infodir='${datarootdir}/info'
libdir='${exec_prefix}/lib'
libexecdir='${exec_prefix}/libexec'
localedir='${datarootdir}/locale'
localstatedir='${prefix}/var'
mandir='${datarootdir}/man'
oldincludedir='/usr/include'
pdfdir='${docdir}'
prefix='/opt/imh/imh-php56/root/usr'
program_transform_name='s,x,x,'
psdir='${docdir}'
sbindir='${exec_prefix}/sbin'
sharedstatedir='${prefix}/com'
sysconfdir='${prefix}/etc'
target='x86_64-unknown-linux-gnu'
target_alias=''
target_cpu='x86_64'
target_os='linux-gnu'
target_vendor='unknown'

## ----------- ##
## confdefs.h. ##
## ----------- ##

#define PACKAGE_NAME ""
#define PACKAGE_TARNAME ""
#define PACKAGE_VERSION ""
#define PACKAGE_STRING ""
#define PACKAGE_BUGREPORT ""
#define IM_MAGICKWAND_HEADER_STYLE_SIX 1
#define HAVE_MAGICKGETVERSION 1
#define HAVE_IMAGICK 1
#define COMPILE_DL_IMAGICK 1
#define STDC_HEADERS 1
#define HAVE_SYS_TYPES_H 1
#define HAVE_SYS_STAT_H 1
#define HAVE_STDLIB_H 1
#define HAVE_STRING_H 1
#define HAVE_MEMORY_H 1
#define HAVE_STRINGS_H 1
#define HAVE_INTTYPES_H 1
#define HAVE_STDINT_H 1
#define HAVE_UNISTD_H 1
#define HAVE_DLFCN_H 1

configure: exit 0
